


ARM Macro Assembler    Page 1 


    1 00000000         ;/*-----------------------------------------------------
                       ----------------------------------------------------*/
    2 00000000         ;/*                                                     
                                                                           */
    3 00000000         ;/* Copyright(c) 2009 Nuvoton Technology Corp. All right
                       s reserved.                                         */
    4 00000000         ;/*                                                     
                                                                           */
    5 00000000         ;/*-----------------------------------------------------
                       ----------------------------------------------------*/
    6 00000000         
    7 00000000         
    8 00000000         ;;;;;;;;;;;;;;;;;;;;;;;;;;;;;;;;;;;;;;;;;;;;;;;;;;;
    9 00000000         
   10 00000000                 GBLL             SEMIHOSTED
   11 00000000 FALSE    
                       SEMIHOSTED
                               SETL             {FALSE}
   12 00000000         
   13 00000000         
   14 00000000         ;;;;;;;;;;;;;;;;;;;;;;;;;;;;;;;;;;;;;;;;;;;;;;;;;;;
   15 00000000         
   16 00000000         
   17 00000000         
   18 00000000 00000400 
                       Stack_Size
                               EQU              0x00000400
   19 00000000         
   20 00000000                 AREA             STACK, NOINIT, READWRITE, ALIGN
=3
   21 00000000         Stack_Mem
                               SPACE            Stack_Size
   22 00000400         __initial_sp
   23 00000400         
   24 00000400         
   25 00000400         ; <h> Heap Configuration
   26 00000400         ;   <o>  Heap Size (in Bytes) <0x0-0xFFFFFFFF:8>
   27 00000400         ; </h>
   28 00000400         
   29 00000400 00000000 
                       Heap_Size
                               EQU              0x00000000
   30 00000400         
   31 00000400                 AREA             HEAP, NOINIT, READWRITE, ALIGN=
3
   32 00000000         __heap_base
   33 00000000         Heap_Mem
                               SPACE            Heap_Size
   34 00000000         __heap_limit
   35 00000000         
   36 00000000         
   37 00000000                 PRESERVE8
   38 00000000                 THUMB
   39 00000000         
   40 00000000         
   41 00000000         ; Vector Table Mapped to Address 0 at Reset
   42 00000000                 AREA             RESET, DATA, READONLY
   43 00000000                 EXPORT           __Vectors
   44 00000000         



ARM Macro Assembler    Page 2 


   45 00000000 00000000 
                       __Vectors
                               DCD              __initial_sp ; Top of Stack
   46 00000004 00000000        DCD              Reset_Handler ; Reset Handler
   47 00000008 00000000        DCD              NMI_Handler ; NMI Handler
   48 0000000C 00000000        DCD              HardFault_Handler ; Hard Fault 
                                                            Handler
   49 00000010 00000000        DCD              0           ; Reserved
   50 00000014 00000000        DCD              0           ; Reserved
   51 00000018 00000000        DCD              0           ; Reserved
   52 0000001C 00000000        DCD              0           ; Reserved
   53 00000020 00000000        DCD              0           ; Reserved
   54 00000024 00000000        DCD              0           ; Reserved
   55 00000028 00000000        DCD              0           ; Reserved
   56 0000002C 00000000        DCD              SVC_Handler ; SVCall Handler
   57 00000030 00000000        DCD              0           ; Reserved
   58 00000034 00000000        DCD              0           ; Reserved
   59 00000038 00000000        DCD              PendSV_Handler ; PendSV Handler
                                                            
   60 0000003C 00000000        DCD              SysTick_Handler 
                                                            ; SysTick Handler
   61 00000040         
   62 00000040         ; External Interrupts
   63 00000040         ; maximum of 32 External Interrupts are possible
   64 00000040 00000000        DCD              BOD_IRQHandler
   65 00000044 00000000        DCD              WDT_IRQHandler
   66 00000048 00000000        DCD              EINT0_IRQHandler
   67 0000004C 00000000        DCD              EINT1_IRQHandler
   68 00000050 00000000        DCD              GPIOP0P1_IRQHandler
   69 00000054 00000000        DCD              GPIOP2P3P4_IRQHandler
   70 00000058 00000000        DCD              PWMA_IRQHandler
   71 0000005C 00000000        DCD              PWMB_IRQHandler
   72 00000060 00000000        DCD              TMR0_IRQHandler
   73 00000064 00000000        DCD              TMR1_IRQHandler
   74 00000068 00000000        DCD              TMR2_IRQHandler
   75 0000006C 00000000        DCD              TMR3_IRQHandler
   76 00000070 00000000        DCD              UART0_IRQHandler
   77 00000074 00000000        DCD              UART1_IRQHandler
   78 00000078 00000000        DCD              SPI0_IRQHandler
   79 0000007C 00000000        DCD              SPI1_IRQHandler
   80 00000080 00000000        DCD              SPI2_IRQHandler
   81 00000084 00000000        DCD              SPI3_IRQHandler
   82 00000088 00000000        DCD              I2C_IRQHandler
   83 0000008C 00000000        DCD              Default_Handler
   84 00000090 00000000        DCD              Default_Handler
   85 00000094 00000000        DCD              Default_Handler
   86 00000098 00000000        DCD              Default_Handler
   87 0000009C 00000000        DCD              Default_Handler
   88 000000A0 00000000        DCD              Default_Handler
   89 000000A4 00000000        DCD              Default_Handler
   90 000000A8 00000000        DCD              Default_Handler
   91 000000AC 00000000        DCD              Default_Handler
   92 000000B0 00000000        DCD              PWRWU_IRQHandler
   93 000000B4 00000000        DCD              ADC_IRQHandler
   94 000000B8 00000000        DCD              Default_Handler
   95 000000BC 00000000        DCD              Default_Handler
   96 000000C0         
   97 000000C0         
   98 000000C0                 AREA             |.text|, CODE, READONLY



ARM Macro Assembler    Page 3 


   99 00000000         
  100 00000000         
  101 00000000         
  102 00000000         ; Reset Handler 
  103 00000000         
  104 00000000                 ENTRY
  105 00000000         
  106 00000000         Reset_Handler
                               PROC
  107 00000000                 EXPORT           Reset_Handler             [WEAK
]
  108 00000000         ;IMPORT  SystemInit
  109 00000000                 IMPORT           __main
  110 00000000         
  111 00000000 480E            LDR              R0, =0x50000100
  112 00000002         ; Unlock Register                
  113 00000002         
  114 00000002 490F            LDR              R1, =0x59
  115 00000004 6001            STR              R1, [R0]
  116 00000006 490F            LDR              R1, =0x16
  117 00000008 6001            STR              R1, [R0]
  118 0000000A 490F            LDR              R1, =0x88
  119 0000000C 6001            STR              R1, [R0]
  120 0000000E         
  121 0000000E         ; Init POR
  122 0000000E 4A0F            LDR              R2, =0x50000024
  123 00000010 490F            LDR              R1, =0x00005AA5
  124 00000012 6011            STR              R1, [R2]
  125 00000014         
  126 00000014         ; Disable NMI (Assign to reserved IRQ)
  127 00000014 4A0F            LDR              R2, =0x50000380
  128 00000016 4910            LDR              R1, =0x0000001F
  129 00000018 6011            STR              R1, [R2]
  130 0000001A         
  131 0000001A         ; Lock register
  132 0000001A 2100            MOVS             R1, #0
  133 0000001C 6001            STR              R1, [R0]
  134 0000001E         
  135 0000001E         ;LDR     R0, =SystemInit
  136 0000001E         ;BLX     R0
  137 0000001E 480F            LDR              R0, =__main
  138 00000020 4700            BX               R0
  139 00000022                 ENDP
  140 00000022         
  141 00000022         
  142 00000022         
  143 00000022         ; Dummy Exception Handlers (infinite loops which can be 
                       modified)                
  144 00000022         
  145 00000022         NMI_Handler
                               PROC
  146 00000022                 EXPORT           NMI_Handler               [WEAK
]
  147 00000022 E7FE            B                .
  148 00000024                 ENDP
  150 00000024         HardFault_Handler
                               PROC
  151 00000024                 EXPORT           HardFault_Handler         [WEAK
]



ARM Macro Assembler    Page 4 


  152 00000024                 IF               SEMIHOSTED
  164                          ENDIF
  165 00000024         
  166 00000024 E7FE            B                .
  167 00000026                 ENDP
  168 00000026         SVC_Handler
                               PROC
  169 00000026                 EXPORT           SVC_Handler               [WEAK
]
  170 00000026 E7FE            B                .
  171 00000028                 ENDP
  172 00000028         PendSV_Handler
                               PROC
  173 00000028                 EXPORT           PendSV_Handler            [WEAK
]
  174 00000028 E7FE            B                .
  175 0000002A                 ENDP
  176 0000002A         SysTick_Handler
                               PROC
  177 0000002A                 EXPORT           SysTick_Handler           [WEAK
]
  178 0000002A E7FE            B                .
  179 0000002C                 ENDP
  180 0000002C         
  181 0000002C         Default_Handler
                               PROC
  182 0000002C         
  183 0000002C                 EXPORT           BOD_IRQHandler            [WEAK
]
  184 0000002C                 EXPORT           WDT_IRQHandler            [WEAK
]
  185 0000002C                 EXPORT           EINT0_IRQHandler          [WEAK
]
  186 0000002C                 EXPORT           EINT1_IRQHandler          [WEAK
]
  187 0000002C                 EXPORT           GPIOP0P1_IRQHandler       [WEAK
]
  188 0000002C                 EXPORT           GPIOP2P3P4_IRQHandler     [WEAK
]
  189 0000002C                 EXPORT           PWMA_IRQHandler           [WEAK
]
  190 0000002C                 EXPORT           PWMB_IRQHandler           [WEAK
]
  191 0000002C                 EXPORT           TMR0_IRQHandler           [WEAK
]
  192 0000002C                 EXPORT           TMR1_IRQHandler           [WEAK
]
  193 0000002C                 EXPORT           TMR2_IRQHandler           [WEAK
]
  194 0000002C                 EXPORT           TMR3_IRQHandler           [WEAK
]
  195 0000002C                 EXPORT           UART0_IRQHandler          [WEAK
]
  196 0000002C                 EXPORT           UART1_IRQHandler          [WEAK
]
  197 0000002C                 EXPORT           SPI0_IRQHandler           [WEAK
]
  198 0000002C                 EXPORT           SPI1_IRQHandler           [WEAK
]



ARM Macro Assembler    Page 5 


  199 0000002C                 EXPORT           SPI2_IRQHandler           [WEAK
]
  200 0000002C                 EXPORT           SPI3_IRQHandler           [WEAK
]
  201 0000002C                 EXPORT           I2C_IRQHandler            [WEAK
]
  202 0000002C                 EXPORT           PWRWU_IRQHandler          [WEAK
]
  203 0000002C                 EXPORT           ADC_IRQHandler            [WEAK
]
  204 0000002C         
  205 0000002C         BOD_IRQHandler
  206 0000002C         WDT_IRQHandler
  207 0000002C         EINT0_IRQHandler
  208 0000002C         EINT1_IRQHandler
  209 0000002C         GPIOP0P1_IRQHandler
  210 0000002C         GPIOP2P3P4_IRQHandler
  211 0000002C         PWMA_IRQHandler
  212 0000002C         PWMB_IRQHandler
  213 0000002C         TMR0_IRQHandler
  214 0000002C         TMR1_IRQHandler
  215 0000002C         TMR2_IRQHandler
  216 0000002C         TMR3_IRQHandler
  217 0000002C         UART0_IRQHandler
  218 0000002C         UART1_IRQHandler
  219 0000002C         SPI0_IRQHandler
  220 0000002C         SPI1_IRQHandler
  221 0000002C         SPI2_IRQHandler
  222 0000002C         SPI3_IRQHandler
  223 0000002C         I2C_IRQHandler
  224 0000002C         PWRWU_IRQHandler
  225 0000002C         ADC_IRQHandler
  226 0000002C E7FE            B                .
  227 0000002E                 ENDP
  228 0000002E         
  229 0000002E         
  230 0000002E 00 00           ALIGN
  231 00000030         
  232 00000030         
  233 00000030         ; User Initial Stack & Heap
  234 00000030         
  235 00000030                 IF               :DEF:__MICROLIB
  242 00000030         
  243 00000030                 IMPORT           __use_two_region_memory
  244 00000030                 EXPORT           __user_initial_stackheap
  245 00000030         __user_initial_stackheap
  246 00000030         
  247 00000030 480B            LDR              R0, =  Heap_Mem
  248 00000032 490C            LDR              R1, = (Stack_Mem + Stack_Size)
  249 00000034 4A0A            LDR              R2, = (Heap_Mem +  Heap_Size)
  250 00000036 4B0C            LDR              R3, = Stack_Mem
  251 00000038 4770            BX               LR
  252 0000003A         
  253 0000003A 00 00           ALIGN
  254 0000003C         
  255 0000003C                 ENDIF
  256 0000003C                 IF               SEMIHOSTED
  288                          ENDIF
  289 0000003C         



ARM Macro Assembler    Page 6 


  290 0000003C         
  291 0000003C                 END
              50000100 
              00000059 
              00000016 
              00000088 
              50000024 
              00005AA5 
              50000380 
              0000001F 
              00000000 
              00000000 
              00000400 
              00000000 
Command Line: --debug --xref --cpu=Cortex-M0 --apcs=interwork --depend=.\output
\startup_m051.d -o.\output\startup_m051.o -IC:\Keil\ARM\RV31\INC -IC:\Keil\ARM\
PACK\ARM\CMSIS\3.20.3\CMSIS\Include -IC:\Keil\ARM\Inc\Nuvoton\Mini51 --predefin
e="__EVAL SETA 1" --list=.\listing\startup_m051.lst Common\startup_M051.s



ARM Macro Assembler    Page 1 Alphabetic symbol ordering
Relocatable symbols

STACK 00000000

Symbol: STACK
   Definitions
      At line 20 in file Common\startup_M051.s
   Uses
      None
Comment: STACK unused
Stack_Mem 00000000

Symbol: Stack_Mem
   Definitions
      At line 21 in file Common\startup_M051.s
   Uses
      At line 248 in file Common\startup_M051.s
      At line 250 in file Common\startup_M051.s

__initial_sp 00000400

Symbol: __initial_sp
   Definitions
      At line 22 in file Common\startup_M051.s
   Uses
      At line 45 in file Common\startup_M051.s
Comment: __initial_sp used once
3 symbols



ARM Macro Assembler    Page 1 Alphabetic symbol ordering
Relocatable symbols

HEAP 00000000

Symbol: HEAP
   Definitions
      At line 31 in file Common\startup_M051.s
   Uses
      None
Comment: HEAP unused
Heap_Mem 00000000

Symbol: Heap_Mem
   Definitions
      At line 33 in file Common\startup_M051.s
   Uses
      At line 247 in file Common\startup_M051.s
      At line 249 in file Common\startup_M051.s

__heap_base 00000000

Symbol: __heap_base
   Definitions
      At line 32 in file Common\startup_M051.s
   Uses
      None
Comment: __heap_base unused
__heap_limit 00000000

Symbol: __heap_limit
   Definitions
      At line 34 in file Common\startup_M051.s
   Uses
      None
Comment: __heap_limit unused
4 symbols



ARM Macro Assembler    Page 1 Alphabetic symbol ordering
Relocatable symbols

RESET 00000000

Symbol: RESET
   Definitions
      At line 42 in file Common\startup_M051.s
   Uses
      None
Comment: RESET unused
__Vectors 00000000

Symbol: __Vectors
   Definitions
      At line 45 in file Common\startup_M051.s
   Uses
      At line 43 in file Common\startup_M051.s
Comment: __Vectors used once
2 symbols



ARM Macro Assembler    Page 1 Alphabetic symbol ordering
Relocatable symbols

.text 00000000

Symbol: .text
   Definitions
      At line 98 in file Common\startup_M051.s
   Uses
      None
Comment: .text unused
ADC_IRQHandler 0000002C

Symbol: ADC_IRQHandler
   Definitions
      At line 225 in file Common\startup_M051.s
   Uses
      At line 93 in file Common\startup_M051.s
      At line 203 in file Common\startup_M051.s

BOD_IRQHandler 0000002C

Symbol: BOD_IRQHandler
   Definitions
      At line 205 in file Common\startup_M051.s
   Uses
      At line 64 in file Common\startup_M051.s
      At line 183 in file Common\startup_M051.s

Default_Handler 0000002C

Symbol: Default_Handler
   Definitions
      At line 181 in file Common\startup_M051.s
   Uses
      At line 83 in file Common\startup_M051.s
      At line 84 in file Common\startup_M051.s
      At line 85 in file Common\startup_M051.s
      At line 86 in file Common\startup_M051.s
      At line 87 in file Common\startup_M051.s
      At line 88 in file Common\startup_M051.s
      At line 89 in file Common\startup_M051.s
      At line 90 in file Common\startup_M051.s
      At line 91 in file Common\startup_M051.s
      At line 94 in file Common\startup_M051.s
      At line 95 in file Common\startup_M051.s

EINT0_IRQHandler 0000002C

Symbol: EINT0_IRQHandler
   Definitions
      At line 207 in file Common\startup_M051.s
   Uses
      At line 66 in file Common\startup_M051.s
      At line 185 in file Common\startup_M051.s

EINT1_IRQHandler 0000002C

Symbol: EINT1_IRQHandler
   Definitions
      At line 208 in file Common\startup_M051.s
   Uses



ARM Macro Assembler    Page 2 Alphabetic symbol ordering
Relocatable symbols

      At line 67 in file Common\startup_M051.s
      At line 186 in file Common\startup_M051.s

GPIOP0P1_IRQHandler 0000002C

Symbol: GPIOP0P1_IRQHandler
   Definitions
      At line 209 in file Common\startup_M051.s
   Uses
      At line 68 in file Common\startup_M051.s
      At line 187 in file Common\startup_M051.s

GPIOP2P3P4_IRQHandler 0000002C

Symbol: GPIOP2P3P4_IRQHandler
   Definitions
      At line 210 in file Common\startup_M051.s
   Uses
      At line 69 in file Common\startup_M051.s
      At line 188 in file Common\startup_M051.s

HardFault_Handler 00000024

Symbol: HardFault_Handler
   Definitions
      At line 150 in file Common\startup_M051.s
   Uses
      At line 48 in file Common\startup_M051.s
      At line 151 in file Common\startup_M051.s

I2C_IRQHandler 0000002C

Symbol: I2C_IRQHandler
   Definitions
      At line 223 in file Common\startup_M051.s
   Uses
      At line 82 in file Common\startup_M051.s
      At line 201 in file Common\startup_M051.s

NMI_Handler 00000022

Symbol: NMI_Handler
   Definitions
      At line 145 in file Common\startup_M051.s
   Uses
      At line 47 in file Common\startup_M051.s
      At line 146 in file Common\startup_M051.s

PWMA_IRQHandler 0000002C

Symbol: PWMA_IRQHandler
   Definitions
      At line 211 in file Common\startup_M051.s
   Uses
      At line 70 in file Common\startup_M051.s
      At line 189 in file Common\startup_M051.s

PWMB_IRQHandler 0000002C




ARM Macro Assembler    Page 3 Alphabetic symbol ordering
Relocatable symbols

Symbol: PWMB_IRQHandler
   Definitions
      At line 212 in file Common\startup_M051.s
   Uses
      At line 71 in file Common\startup_M051.s
      At line 190 in file Common\startup_M051.s

PWRWU_IRQHandler 0000002C

Symbol: PWRWU_IRQHandler
   Definitions
      At line 224 in file Common\startup_M051.s
   Uses
      At line 92 in file Common\startup_M051.s
      At line 202 in file Common\startup_M051.s

PendSV_Handler 00000028

Symbol: PendSV_Handler
   Definitions
      At line 172 in file Common\startup_M051.s
   Uses
      At line 59 in file Common\startup_M051.s
      At line 173 in file Common\startup_M051.s

Reset_Handler 00000000

Symbol: Reset_Handler
   Definitions
      At line 106 in file Common\startup_M051.s
   Uses
      At line 46 in file Common\startup_M051.s
      At line 107 in file Common\startup_M051.s

SPI0_IRQHandler 0000002C

Symbol: SPI0_IRQHandler
   Definitions
      At line 219 in file Common\startup_M051.s
   Uses
      At line 78 in file Common\startup_M051.s
      At line 197 in file Common\startup_M051.s

SPI1_IRQHandler 0000002C

Symbol: SPI1_IRQHandler
   Definitions
      At line 220 in file Common\startup_M051.s
   Uses
      At line 79 in file Common\startup_M051.s
      At line 198 in file Common\startup_M051.s

SPI2_IRQHandler 0000002C

Symbol: SPI2_IRQHandler
   Definitions
      At line 221 in file Common\startup_M051.s
   Uses
      At line 80 in file Common\startup_M051.s



ARM Macro Assembler    Page 4 Alphabetic symbol ordering
Relocatable symbols

      At line 199 in file Common\startup_M051.s

SPI3_IRQHandler 0000002C

Symbol: SPI3_IRQHandler
   Definitions
      At line 222 in file Common\startup_M051.s
   Uses
      At line 81 in file Common\startup_M051.s
      At line 200 in file Common\startup_M051.s

SVC_Handler 00000026

Symbol: SVC_Handler
   Definitions
      At line 168 in file Common\startup_M051.s
   Uses
      At line 56 in file Common\startup_M051.s
      At line 169 in file Common\startup_M051.s

SysTick_Handler 0000002A

Symbol: SysTick_Handler
   Definitions
      At line 176 in file Common\startup_M051.s
   Uses
      At line 60 in file Common\startup_M051.s
      At line 177 in file Common\startup_M051.s

TMR0_IRQHandler 0000002C

Symbol: TMR0_IRQHandler
   Definitions
      At line 213 in file Common\startup_M051.s
   Uses
      At line 72 in file Common\startup_M051.s
      At line 191 in file Common\startup_M051.s

TMR1_IRQHandler 0000002C

Symbol: TMR1_IRQHandler
   Definitions
      At line 214 in file Common\startup_M051.s
   Uses
      At line 73 in file Common\startup_M051.s
      At line 192 in file Common\startup_M051.s

TMR2_IRQHandler 0000002C

Symbol: TMR2_IRQHandler
   Definitions
      At line 215 in file Common\startup_M051.s
   Uses
      At line 74 in file Common\startup_M051.s
      At line 193 in file Common\startup_M051.s

TMR3_IRQHandler 0000002C

Symbol: TMR3_IRQHandler



ARM Macro Assembler    Page 5 Alphabetic symbol ordering
Relocatable symbols

   Definitions
      At line 216 in file Common\startup_M051.s
   Uses
      At line 75 in file Common\startup_M051.s
      At line 194 in file Common\startup_M051.s

UART0_IRQHandler 0000002C

Symbol: UART0_IRQHandler
   Definitions
      At line 217 in file Common\startup_M051.s
   Uses
      At line 76 in file Common\startup_M051.s
      At line 195 in file Common\startup_M051.s

UART1_IRQHandler 0000002C

Symbol: UART1_IRQHandler
   Definitions
      At line 218 in file Common\startup_M051.s
   Uses
      At line 77 in file Common\startup_M051.s
      At line 196 in file Common\startup_M051.s

WDT_IRQHandler 0000002C

Symbol: WDT_IRQHandler
   Definitions
      At line 206 in file Common\startup_M051.s
   Uses
      At line 65 in file Common\startup_M051.s
      At line 184 in file Common\startup_M051.s

__user_initial_stackheap 00000030

Symbol: __user_initial_stackheap
   Definitions
      At line 245 in file Common\startup_M051.s
   Uses
      At line 244 in file Common\startup_M051.s
Comment: __user_initial_stackheap used once
30 symbols



ARM Macro Assembler    Page 1 Alphabetic symbol ordering
Absolute symbols

Heap_Size 00000000

Symbol: Heap_Size
   Definitions
      At line 29 in file Common\startup_M051.s
   Uses
      At line 33 in file Common\startup_M051.s
      At line 249 in file Common\startup_M051.s

Stack_Size 00000400

Symbol: Stack_Size
   Definitions
      At line 18 in file Common\startup_M051.s
   Uses
      At line 21 in file Common\startup_M051.s
      At line 248 in file Common\startup_M051.s

2 symbols



ARM Macro Assembler    Page 1 Alphabetic symbol ordering
External symbols

__main 00000000

Symbol: __main
   Definitions
      At line 109 in file Common\startup_M051.s
   Uses
      At line 137 in file Common\startup_M051.s
Comment: __main used once
__use_two_region_memory 00000000

Symbol: __use_two_region_memory
   Definitions
      At line 243 in file Common\startup_M051.s
   Uses
      None
Comment: __use_two_region_memory unused
2 symbols
379 symbols in table
